New log file opened at Fri Sep 16 10:04:21 EDT 2016 by 39347@Hanias-MacBook-Pro.local
Taking next connection to: 53847
New client attempting to connect on port: 53848-53847
  Address = /192.168.99.1:53847
This client on port 53848 has uuid a833f752-0a03-4510-866d-345a312adfd6 configName activator humanReadableName Activator protocolVersion 3 featureTags Vector()
Connected Clients: activator-a833f752-0a03-4510-866d-345a312adfd6
Taking next connection to: 53847
New client attempting to connect on port: 53849-53847
  Address = /192.168.99.1:53847
Handshake exception on socket: 53849
sbt.impl.ipc.HandshakeException: Unable to perform handshake
	at sbt.impl.ipc.Peer.handshake(IPC.scala:46)
	at sbt.impl.ipc.MultiClientServer.<init>(IPC.scala:150)
	at sbt.server.SbtServerSocketHandler$$anon$1.run(SbtServerSocketHandler.scala:43)
Caused by: java.io.EOFException
	at java.io.DataInputStream.readInt(DataInputStream.java:392)
	at sbt.impl.ipc.Peer.receive(IPC.scala:95)
	at sbt.impl.ipc.Peer.handshake(IPC.scala:49)
	... 2 more
Taking next connection to: 53847
New client attempting to connect on port: 53850-53847
  Address = /192.168.99.1:53847
This client on port 53850 has uuid 0ba41343-567f-42d2-baf4-11c7f121a8c7 configName activator humanReadableName Activator protocolVersion 3 featureTags Vector()
Connected Clients: activator-a833f752-0a03-4510-866d-345a312adfd6, activator-0ba41343-567f-42d2-baf4-11c7f121a8c7
Taking next connection to: 53847
Checking to see if clients are empty...
No non-daemon clients connected after 3 min. Shutting down.
Server socket thread exiting.
0 clients open, will close them...
All client sockets have been closed.
Closing the 39347@Hanias-MacBook-Pro.local logs at Fri Sep 16 10:07:22 EDT 2016, goodbye.
